# JRE version: OpenJDK Runtime Environment (11.0.12+7) (build 11.0.12+7-b1504.28-7817840)
# Java VM: OpenJDK 64-Bit Server VM (11.0.12+7-b1504.28-7817840, mixed mode, tiered, compressed oops, g1 gc, windows-amd64)
Heap:
 garbage-first heap   total 258048K, used 129396K [0x0000000080000000, 0x0000000100000000)
  region size 1024K, 109 young (111616K), 6 survivors (6144K)
 Metaspace       used 44165K, capacity 45131K, committed 45260K, reserved 1089536K
  class space    used 5653K, capacity 6020K, committed 6144K, reserved 1048576K
GC Heap History (8 events):
Event: 1.565 GC heap before
{Heap before GC invocations=0 (full 0):
 garbage-first heap   total 258048K, used 30720K [0x0000000080000000, 0x0000000100000000)
  region size 1024K, 24 young (24576K), 0 survivors (0K)
 Metaspace       used 9871K, capacity 10118K, committed 10368K, reserved 1058816K
  class space    used 1027K, capacity 1102K, committed 1152K, reserved 1048576K
}
Event: 1.572 GC heap after
{Heap after GC invocations=1 (full 0):
 garbage-first heap   total 258048K, used 9331K [0x0000000080000000, 0x0000000100000000)
  region size 1024K, 3 young (3072K), 3 survivors (3072K)
 Metaspace       used 9871K, capacity 10118K, committed 10368K, reserved 1058816K
  class space    used 1027K, capacity 1102K, committed 1152K, reserved 1048576K
}
Event: 4.519 GC heap before
{Heap before GC invocations=1 (full 0):
 garbage-first heap   total 258048K, used 111731K [0x0000000080000000, 0x0000000100000000)
  region size 1024K, 103 young (105472K), 3 survivors (3072K)
 Metaspace       used 20725K, capacity 21138K, committed 21248K, reserved 1067008K
  class space    used 2549K, capacity 2711K, committed 2816K, reserved 1048576K
}
Event: 4.535 GC heap after
{Heap after GC invocations=2 (full 0):
 garbage-first heap   total 258048K, used 16940K [0x0000000080000000, 0x0000000100000000)
  region size 1024K, 11 young (11264K), 11 survivors (11264K)
 Metaspace       used 20725K, capacity 21138K, committed 21248K, reserved 1067008K
  class space    used 2549K, capacity 2711K, committed 2816K, reserved 1048576K
}
Event: 4.964 GC heap before
{Heap before GC invocations=3 (full 0):
 garbage-first heap   total 258048K, used 38444K [0x0000000080000000, 0x0000000100000000)
  region size 1024K, 32 young (32768K), 11 survivors (11264K)
 Metaspace       used 22881K, capacity 23394K, committed 23552K, reserved 1069056K
  class space    used 2896K, capacity 3064K, committed 3072K, reserved 1048576K
}
Event: 4.975 GC heap after
{Heap after GC invocations=4 (full 0):
 garbage-first heap   total 258048K, used 17758K [0x0000000080000000, 0x0000000100000000)
  region size 1024K, 2 young (2048K), 2 survivors (2048K)
 Metaspace       used 22881K, capacity 23394K, committed 23552K, reserved 1069056K
  class space    used 2896K, capacity 3064K, committed 3072K, reserved 1048576K
}
Event: 11.666 GC heap before
{Heap before GC invocations=4 (full 0):
 garbage-first heap   total 258048K, used 107870K [0x0000000080000000, 0x0000000100000000)
  region size 1024K, 91 young (93184K), 2 survivors (2048K)
 Metaspace       used 34957K, capacity 35787K, committed 35840K, reserved 1081344K
  class space    used 4530K, capacity 4839K, committed 4864K, reserved 1048576K
}
Event: 11.684 GC heap after
{Heap after GC invocations=5 (full 0):
 garbage-first heap   total 258048K, used 21876K [0x0000000080000000, 0x0000000100000000)
  region size 1024K, 6 young (6144K), 6 survivors (6144K)
 Metaspace       used 34957K, capacity 35787K, committed 35840K, reserved 1081344K
  class space    used 4530K, capacity 4839K, committed 4864K, reserved 1048576K
}

